<?xml version="1.0" encoding="UTF-8"?>
<!-- Generated by org.testng.reporters.JUnitXMLReporter -->
<testsuite ignored="0" hostname="DESKTOP-CH0U6N3" failures="0" tests="11" name="ChromeTest" time="102.472" errors="0" timestamp="2022-12-31T11:10:15 IST">
  <testcase classname="testng.blazedemo" name="blazedemopage" time="25.838"/>
  <testcase classname="testng.TS_001_CreateNewAccount" name="TC_001" time="7.125"/>
  <testcase classname="testng.TS_001_CreateNewAccount" name="TC_002" time="6.095"/>
  <testcase classname="testng.TS_001_CreateNewAccount" name="TC_003" time="5.132"/>
  <testcase classname="testng.TS_001_CreateNewAccount" name="TC_004" time="5.237"/>
  <testcase classname="testng.TS_001_CreateNewAccount" name="TC_005" time="5.222"/>
  <testcase classname="testng.TS_001_CreateNewAccount" name="TC_006" time="5.239"/>
  <testcase classname="testng.TS_001_CreateNewAccount" name="TC_007" time="5.197"/>
  <testcase classname="testng.TS_001_CreateNewAccount" name="TC_008" time="6.002"/>
  <testcase classname="testng.TS_001_CreateNewAccount" name="TC_009" time="10.219"/>
  <testcase classname="testng.Tirupati_balaji" name="Tirupati" time="15.075"/>
</testsuite> <!-- ChromeTest -->
