<?xml version="1.0" encoding="UTF-8"?>
<!-- Generated by org.testng.reporters.JUnitXMLReporter -->
<testsuite ignored="0" hostname="DESKTOP-CH0U6N3" failures="0" tests="11" name="EdgeTest" time="102.861" errors="0" timestamp="2022-12-31T11:12:02 IST">
  <testcase classname="testng.blazedemo" name="blazedemopage" time="24.881"/>
  <testcase classname="testng.TS_001_CreateNewAccount" name="TC_001" time="6.868"/>
  <testcase classname="testng.TS_001_CreateNewAccount" name="TC_002" time="6.181"/>
  <testcase classname="testng.TS_001_CreateNewAccount" name="TC_003" time="5.136"/>
  <testcase classname="testng.TS_001_CreateNewAccount" name="TC_004" time="5.251"/>
  <testcase classname="testng.TS_001_CreateNewAccount" name="TC_005" time="5.214"/>
  <testcase classname="testng.TS_001_CreateNewAccount" name="TC_006" time="5.252"/>
  <testcase classname="testng.TS_001_CreateNewAccount" name="TC_007" time="5.201"/>
  <testcase classname="testng.TS_001_CreateNewAccount" name="TC_008" time="6.82"/>
  <testcase classname="testng.TS_001_CreateNewAccount" name="TC_009" time="10.409"/>
  <testcase classname="testng.Tirupati_balaji" name="Tirupati" time="11.667"/>
</testsuite> <!-- EdgeTest -->
