<?xml version="1.0" encoding="UTF-8"?>
<!-- Generated by org.testng.reporters.JUnitXMLReporter -->
<testsuite ignored="0" hostname="DESKTOP-CH0U6N3" failures="0" tests="11" name="FirefoxTest" time="3.844" errors="0" timestamp="2022-12-31T11:10:19 IST">
  <testcase classname="testng.blazedemo" name="blazedemopage" time="0.0">
    <skipped/>
  </testcase> <!-- blazedemopage -->
  <testcase classname="testng.TS_001_CreateNewAccount" name="TC_001" time="0.0">
    <skipped/>
  </testcase> <!-- TC_001 -->
  <testcase classname="testng.TS_001_CreateNewAccount" name="TC_002" time="0.0">
    <skipped/>
  </testcase> <!-- TC_002 -->
  <testcase classname="testng.TS_001_CreateNewAccount" name="TC_003" time="0.0">
    <skipped/>
  </testcase> <!-- TC_003 -->
  <testcase classname="testng.TS_001_CreateNewAccount" name="TC_004" time="0.0">
    <skipped/>
  </testcase> <!-- TC_004 -->
  <testcase classname="testng.TS_001_CreateNewAccount" name="TC_005" time="0.0">
    <skipped/>
  </testcase> <!-- TC_005 -->
  <testcase classname="testng.TS_001_CreateNewAccount" name="TC_006" time="0.0">
    <skipped/>
  </testcase> <!-- TC_006 -->
  <testcase classname="testng.TS_001_CreateNewAccount" name="TC_007" time="0.001">
    <skipped/>
  </testcase> <!-- TC_007 -->
  <testcase classname="testng.TS_001_CreateNewAccount" name="TC_008" time="0.0">
    <skipped/>
  </testcase> <!-- TC_008 -->
  <testcase classname="testng.TS_001_CreateNewAccount" name="TC_009" time="0.0">
    <skipped/>
  </testcase> <!-- TC_009 -->
  <testcase classname="testng.Tirupati_balaji" name="Tirupati" time="0.0">
    <skipped/>
  </testcase> <!-- Tirupati -->
</testsuite> <!-- FirefoxTest -->
