<?xml version="1.0" encoding="UTF-8"?>
<!-- Generated by org.testng.reporters.JUnitXMLReporter -->
<testsuite ignored="0" hostname="DESKTOP-CH0U6N3" failures="0" tests="9" name="Build1_TestResults " time="185.327" errors="0" timestamp="2022-12-29T17:37:58 IST">
  <testcase classname="testng.AnnotationSample1" name="add" time="0.059"/>
  <testcase classname="testng.AnnotationSample1" name="fblogin" time="18.575"/>
  <testcase classname="testng.AnnotationSample1" name="sub" time="0.004"/>
  <testcase classname="testng.AnnotationSample2" name="b" time="0.014"/>
  <testcase classname="testng.AnnotationSample2" name="f" time="0.009"/>
  <testcase classname="testng.AnnotationSample2" name="m" time="0.003"/>
  <testcase classname="testng.blazedemo" name="blazedemopage" time="50.553"/>
  <testcase classname="testng.Tirupati_balaji" name="Tirupati" time="23.598"/>
  <testcase classname="testng.JRI_Signin" name="Signin" time="92.172"/>
</testsuite> <!-- Build1_TestResults  -->
